app/build/intermediates/manifest_merge_blame_file/debug/manifest-merger-blame-debug-report.txt
1<?xml version="1.0" encoding="utf-8"?>
2<manifest xmlns:android="http://schemas.android.com/apk/res/android"
3    package="ch.epfl.sweng.project"
4    android:versionCode="1"
5    android:versionName="1.0" >
6
7    <uses-sdk
8        android:minSdkVersion="24"
8-->src/main/AndroidManifest.xml
9        android:targetSdkVersion="29" />
9-->src/main/AndroidManifest.xml
10
11    <uses-permission android:name="android.permission.ACCESS_COARSE_LOCATION" />
11-->src/main/AndroidManifest.xml:5:5-81
11-->src/main/AndroidManifest.xml:5:22-78
12    <uses-permission android:name="android.permission.INTERNET" />
12-->src/main/AndroidManifest.xml:6:5-67
12-->src/main/AndroidManifest.xml:6:22-64
13
14<!--       usesCleartextTraffic is set to true to enable Picasso to download images from HTTP urls. -->
15    <application
15-->src/main/AndroidManifest.xml:11:5-35:19
16        android:allowBackup="true"
16-->src/main/AndroidManifest.xml:12:9-35
17        android:appComponentFactory="androidx.core.app.CoreComponentFactory"
17-->[androidx.core:core:1.3.1] AndroidManifest.xml:24:18-86
18        android:debuggable="true"
19        android:extractNativeLibs="false"
20        android:icon="@mipmap/ic_launcher"
20-->src/main/AndroidManifest.xml:13:9-43
21        android:label="@string/app_name"
21-->src/main/AndroidManifest.xml:14:9-41
22        android:roundIcon="@mipmap/ic_launcher_round"
22-->src/main/AndroidManifest.xml:15:9-54
23        android:supportsRtl="true"
23-->src/main/AndroidManifest.xml:16:9-35
24        android:testOnly="true"
25        android:theme="@style/AppTheme"
25-->src/main/AndroidManifest.xml:17:9-40
26        android:usesCleartextTraffic="true" >
26-->src/main/AndroidManifest.xml:18:9-44
27        <activity android:name="ch.epfl.sweng.project.WeatherActivity" />
27-->src/main/AndroidManifest.xml:19:9-62
27-->src/main/AndroidManifest.xml:19:19-50
28        <!--
29         Bonus: Set the parent activity so that the user can go back
30         to the previous main activity from the greeting activity
31        -->
32        <activity
32-->src/main/AndroidManifest.xml:24:9-26:67
33            android:name="ch.epfl.sweng.project.GreetingActivity"
33-->src/main/AndroidManifest.xml:25:13-45
34            android:parentActivityName="ch.epfl.sweng.project.MainActivity" />
34-->src/main/AndroidManifest.xml:26:13-55
35        <activity android:name="ch.epfl.sweng.project.MainActivity" >
35-->src/main/AndroidManifest.xml:27:9-33:20
35-->src/main/AndroidManifest.xml:27:19-47
36            <intent-filter>
36-->src/main/AndroidManifest.xml:28:13-32:29
37                <action android:name="android.intent.action.MAIN" />
37-->src/main/AndroidManifest.xml:29:17-69
37-->src/main/AndroidManifest.xml:29:25-66
38
39                <category android:name="android.intent.category.LAUNCHER" />
39-->src/main/AndroidManifest.xml:31:17-77
39-->src/main/AndroidManifest.xml:31:27-74
40            </intent-filter>
41        </activity>
42
43        <provider
43-->[com.squareup.picasso:picasso:2.8] AndroidManifest.xml:8:9-11:40
44            android:name="com.squareup.picasso.PicassoProvider"
44-->[com.squareup.picasso:picasso:2.8] AndroidManifest.xml:9:13-64
45            android:authorities="ch.epfl.sweng.project.com.squareup.picasso"
45-->[com.squareup.picasso:picasso:2.8] AndroidManifest.xml:10:13-72
46            android:exported="false" />
46-->[com.squareup.picasso:picasso:2.8] AndroidManifest.xml:11:13-37
47    </application>
48
49</manifest>